0 info it worked if it ends with ok
1 verbose cli [ '/Users/jeanrobertalves/.nvm/versions/node/v5.3.0/bin/node',
1 verbose cli   '/Users/jeanrobertalves/.nvm/versions/node/v5.3.0/bin/npm',
1 verbose cli   'start' ]
2 info using npm@3.3.12
3 info using node@v5.3.0
4 verbose run-script [ 'prestart', 'start', 'poststart' ]
5 info lifecycle sef-mock@0.0.1~prestart: sef-mock@0.0.1
6 silly lifecycle sef-mock@0.0.1~prestart: no script for prestart, continuing
7 info lifecycle sef-mock@0.0.1~start: sef-mock@0.0.1
8 verbose lifecycle sef-mock@0.0.1~start: unsafe-perm in lifecycle true
9 verbose lifecycle sef-mock@0.0.1~start: PATH: /Users/jeanrobertalves/.nvm/versions/node/v5.3.0/lib/node_modules/npm/bin/node-gyp-bin:/Users/jeanrobertalves/repositorios/sef-mock/node_modules/.bin:/Users/jeanrobertalves/.nvm/versions/node/v5.3.0/bin:/usr/local/bin:/usr/bin:/bin:/usr/sbin:/sbin:/Library/Frameworks/Mono.framework/Versions/Current/Commands
10 verbose lifecycle sef-mock@0.0.1~start: CWD: /Users/jeanrobertalves/repositorios/sef-mock
11 silly lifecycle sef-mock@0.0.1~start: Args: [ '-c', 'node src/server.js' ]
12 silly lifecycle sef-mock@0.0.1~start: Returned: code: 1  signal: null
13 info lifecycle sef-mock@0.0.1~start: Failed to exec start script
14 verbose stack Error: sef-mock@0.0.1 start: `node src/server.js`
14 verbose stack Exit status 1
14 verbose stack     at EventEmitter.<anonymous> (/Users/jeanrobertalves/.nvm/versions/node/v5.3.0/lib/node_modules/npm/lib/utils/lifecycle.js:232:16)
14 verbose stack     at emitTwo (events.js:87:13)
14 verbose stack     at EventEmitter.emit (events.js:172:7)
14 verbose stack     at ChildProcess.<anonymous> (/Users/jeanrobertalves/.nvm/versions/node/v5.3.0/lib/node_modules/npm/lib/utils/spawn.js:24:14)
14 verbose stack     at emitTwo (events.js:87:13)
14 verbose stack     at ChildProcess.emit (events.js:172:7)
14 verbose stack     at maybeClose (internal/child_process.js:818:16)
14 verbose stack     at Process.ChildProcess._handle.onexit (internal/child_process.js:211:5)
15 verbose pkgid sef-mock@0.0.1
16 verbose cwd /Users/jeanrobertalves/repositorios/sef-mock
17 error Darwin 16.3.0
18 error argv "/Users/jeanrobertalves/.nvm/versions/node/v5.3.0/bin/node" "/Users/jeanrobertalves/.nvm/versions/node/v5.3.0/bin/npm" "start"
19 error node v5.3.0
20 error npm  v3.3.12
21 error code ELIFECYCLE
22 error sef-mock@0.0.1 start: `node src/server.js`
22 error Exit status 1
23 error Failed at the sef-mock@0.0.1 start script 'node src/server.js'.
23 error Make sure you have the latest version of node.js and npm installed.
23 error If you do, this is most likely a problem with the sef-mock package,
23 error not with npm itself.
23 error Tell the author that this fails on your system:
23 error     node src/server.js
23 error You can get their info via:
23 error     npm owner ls sef-mock
23 error There is likely additional logging output above.
24 verbose exit [ 1, true ]
